2023-09-09 16:36:50,861 DEBUG    root            Loaded Command Group: ['gcloud', 'auth']
2023-09-09 16:36:50,864 DEBUG    root            Loaded Command Group: ['gcloud', 'auth', 'application_default']
2023-09-09 16:36:50,872 DEBUG    root            Loaded Command Group: ['gcloud', 'auth', 'application-default', 'login']
2023-09-09 16:36:50,876 DEBUG    root            Running [gcloud.auth.application-default.login] with arguments: [--client-id-file: "/Users/agdoko/.config/earthengine/credentials-client-id.json", --scopes: "['https://www.googleapis.com/auth/earthengine', 'https://www.googleapis.com/auth/devstorage.full_control']"]
2023-09-09 16:50:12,327 DEBUG    requests_oauthlib.oauth2_session Generated new state BTETreLKsh6I1ggheY6J6f4PR2rIR4.
2023-09-09 16:50:12,906 INFO     ___FILE_ONLY___ Your browser has been opened to visit:

    https://accounts.google.com/o/oauth2/auth?response_type=code&client_id=517222506229-vsmmajv00ul0bs7p89v5m89qs8eb9359.apps.googleusercontent.com&redirect_uri=http%3A%2F%2Flocalhost%3A8085%2F&scope=https%3A%2F%2Fwww.googleapis.com%2Fauth%2Fearthengine+https%3A%2F%2Fwww.googleapis.com%2Fauth%2Fdevstorage.full_control&state=BTETreLKsh6I1ggheY6J6f4PR2rIR4&access_type=offline&code_challenge=BTabnS4y_CPWGxeVTT_yvNzdANlNiXRFZJKdpGGWEhs&code_challenge_method=S256


2023-09-09 16:50:19,868 INFO     google_auth_oauthlib.flow "GET /?state=BTETreLKsh6I1ggheY6J6f4PR2rIR4&code=4/0Adeu5BXBb_5rrxLFT3YHKTuPv3Ishfc4CjiCUMbENJt0pbjSqmT15hBlu-7YigLJy8g_EA&scope=https://www.googleapis.com/auth/earthengine%20https://www.googleapis.com/auth/devstorage.full_control HTTP/1.1" 200 959
2023-09-09 16:50:19,876 DEBUG    requests_oauthlib.oauth2_session Requesting url https://accounts.google.com/o/oauth2/token using method POST.
2023-09-09 16:50:19,877 DEBUG    requests_oauthlib.oauth2_session Supplying headers {b'Accept': b'application/json', b'Content-Type': b'application/x-www-form-urlencoded;charset=UTF-8', b'user-agent': b'google-cloud-sdk gcloud/443.0.0 command/gcloud.auth.application-default.login invocation-id/39ef3c4a1a9648169fdf0cbf4f0b6fdc environment/None environment-version/None client-os/MACOSX client-os-ver/21.6.0 client-pltf-arch/x86_64 interactive/True from-script/True python/3.10.6 term/xterm-256color (Macintosh; Intel Mac OS X 21.6.0)'} and data {'grant_type': 'authorization_code', 'client_id': '517222506229-vsmmajv00ul0bs7p89v5m89qs8eb9359.apps.googleusercontent.com', 'client_secret': 'RUP0RZ6e0pPhDzsqIJ7KlNd1', 'code': '4/0Adeu5BXBb_5rrxLFT3YHKTuPv3Ishfc4CjiCUMbENJt0pbjSqmT15hBlu-7YigLJy8g_EA', 'redirect_uri': 'http://localhost:8085/', 'code_verifier': 'PXL63MfroxfspgvDD9iB3gopg3veKuV-Ttiq2X1GD3SkLbhtwhLn2v7sUfd~Ui.gIlcLekSNGF7K2gdrdCZ9EGFSaMtqHwyNWCrBCZZ6CnA5NAL1kSHm~BHBaFvcvgMZ'}
2023-09-09 16:50:19,877 DEBUG    requests_oauthlib.oauth2_session Passing through key word arguments {'json': None, 'timeout': None, 'auth': None, 'verify': None, 'proxies': None}.
2023-09-09 16:50:20,038 DEBUG    urllib3.connectionpool Starting new HTTPS connection (1): accounts.google.com:443
2023-09-09 16:50:20,239 DEBUG    urllib3.connectionpool https://accounts.google.com:443 "POST /o/oauth2/token HTTP/1.1" 200 None
2023-09-09 16:50:20,245 DEBUG    requests_oauthlib.oauth2_session Prepared fetch token request body grant_type=authorization_code&client_id=517222506229-vsmmajv00ul0bs7p89v5m89qs8eb9359.apps.googleusercontent.com&client_secret=RUP0RZ6e0pPhDzsqIJ7KlNd1&code=4%2F0Adeu5BXBb_5rrxLFT3YHKTuPv3Ishfc4CjiCUMbENJt0pbjSqmT15hBlu-7YigLJy8g_EA&redirect_uri=http%3A%2F%2Flocalhost%3A8085%2F&code_verifier=PXL63MfroxfspgvDD9iB3gopg3veKuV-Ttiq2X1GD3SkLbhtwhLn2v7sUfd~Ui.gIlcLekSNGF7K2gdrdCZ9EGFSaMtqHwyNWCrBCZZ6CnA5NAL1kSHm~BHBaFvcvgMZ
2023-09-09 16:50:20,245 DEBUG    requests_oauthlib.oauth2_session Request to fetch token completed with status 200.
2023-09-09 16:50:20,246 DEBUG    requests_oauthlib.oauth2_session Request headers were {'user-agent': b'google-cloud-sdk gcloud/443.0.0 command/gcloud.auth.application-default.login invocation-id/39ef3c4a1a9648169fdf0cbf4f0b6fdc environment/None environment-version/None client-os/MACOSX client-os-ver/21.6.0 client-pltf-arch/x86_64 interactive/True from-script/True python/3.10.6 term/xterm-256color (Macintosh; Intel Mac OS X 21.6.0)', 'Accept-Encoding': 'gzip, deflate', 'Accept': b'application/json', 'Connection': 'keep-alive', 'Content-Type': b'application/x-www-form-urlencoded;charset=UTF-8', 'Content-Length': '421'}
2023-09-09 16:50:20,246 DEBUG    requests_oauthlib.oauth2_session Request body was grant_type=authorization_code&client_id=517222506229-vsmmajv00ul0bs7p89v5m89qs8eb9359.apps.googleusercontent.com&client_secret=RUP0RZ6e0pPhDzsqIJ7KlNd1&code=4%2F0Adeu5BXBb_5rrxLFT3YHKTuPv3Ishfc4CjiCUMbENJt0pbjSqmT15hBlu-7YigLJy8g_EA&redirect_uri=http%3A%2F%2Flocalhost%3A8085%2F&code_verifier=PXL63MfroxfspgvDD9iB3gopg3veKuV-Ttiq2X1GD3SkLbhtwhLn2v7sUfd~Ui.gIlcLekSNGF7K2gdrdCZ9EGFSaMtqHwyNWCrBCZZ6CnA5NAL1kSHm~BHBaFvcvgMZ
2023-09-09 16:50:20,246 DEBUG    requests_oauthlib.oauth2_session Response headers were {'Expires': 'Mon, 01 Jan 1990 00:00:00 GMT', 'Date': 'Sat, 09 Sep 2023 15:50:20 GMT', 'Cache-Control': 'no-cache, no-store, max-age=0, must-revalidate', 'Pragma': 'no-cache', 'Content-Type': 'application/json; charset=utf-8', 'Vary': 'Origin, X-Origin, Referer', 'Content-Encoding': 'gzip', 'Server': 'scaffolding on HTTPServer2', 'X-XSS-Protection': '0', 'X-Frame-Options': 'SAMEORIGIN', 'X-Content-Type-Options': 'nosniff', 'Alt-Svc': 'h3=":443"; ma=2592000,h3-29=":443"; ma=2592000', 'Transfer-Encoding': 'chunked'} and content {
  "access_token": "ya29.a0AfB_byAbHIS01jZq9HuEIKKMZpOJ9l-foh6w1vjhrtzSO6rr4rwDiQU-EKfF6XH2NgTN2skK9mddNNdSpxxk3gyBKXOCmJzcv5xlbQ8zxsGEIxPyLkmV4qLnKTrKPquOrKyKPj7S-Rhgxn6JLbbYlyhvW2cXhLQ3RGefbKoP0QaCgYKAZcSARESFQHsvYls7waSBqIV6EGOdIiWtp67lA0177",
  "expires_in": 3599,
  "refresh_token": "1//03YuKwphEBvsjCgYIARAAGAMSNwF-L9IrMNVFXjKGdf4h-xAav0J_04galWq1dP7FRuQlCnEA5K7gi078fm3jy1orJvwVhuK3cV0",
  "scope": "https://www.googleapis.com/auth/earthengine https://www.googleapis.com/auth/devstorage.full_control",
  "token_type": "Bearer"
}.
2023-09-09 16:50:20,246 DEBUG    requests_oauthlib.oauth2_session Invoking 0 token response hooks.
2023-09-09 16:50:20,247 DEBUG    requests_oauthlib.oauth2_session Obtained token {'access_token': 'ya29.a0AfB_byAbHIS01jZq9HuEIKKMZpOJ9l-foh6w1vjhrtzSO6rr4rwDiQU-EKfF6XH2NgTN2skK9mddNNdSpxxk3gyBKXOCmJzcv5xlbQ8zxsGEIxPyLkmV4qLnKTrKPquOrKyKPj7S-Rhgxn6JLbbYlyhvW2cXhLQ3RGefbKoP0QaCgYKAZcSARESFQHsvYls7waSBqIV6EGOdIiWtp67lA0177', 'expires_in': 3599, 'refresh_token': '1//03YuKwphEBvsjCgYIARAAGAMSNwF-L9IrMNVFXjKGdf4h-xAav0J_04galWq1dP7FRuQlCnEA5K7gi078fm3jy1orJvwVhuK3cV0', 'scope': ['https://www.googleapis.com/auth/earthengine', 'https://www.googleapis.com/auth/devstorage.full_control'], 'token_type': 'Bearer', 'expires_at': 1694278219.247127}.
2023-09-09 16:50:20,271 INFO     ___FILE_ONLY___ 
Credentials saved to file: [/Users/agdoko/.config/gcloud/application_default_credentials.json]

2023-09-09 16:50:20,271 INFO     ___FILE_ONLY___ 
These credentials will be used by any library that requests Application Default Credentials (ADC).

2023-09-09 16:50:20,272 DEBUG    root            Chosen display Format:none
2023-09-09 16:50:20,274 INFO     root            Display format: "none"
2023-09-09 16:50:20,281 DEBUG    root            Checking for updates...
2023-09-09 16:50:20,300 DEBUG    urllib3.connectionpool Starting new HTTPS connection (1): dl.google.com:443
2023-09-09 16:50:20,350 DEBUG    urllib3.connectionpool https://dl.google.com:443 "GET /dl/cloudsdk/channels/rapid/components-2.json HTTP/1.1" 200 209937
2023-09-09 16:50:20,406 DEBUG    root            Updating notification cache...
2023-09-09 16:50:20,407 DEBUG    root            Activating notification: [default]
2023-09-09 16:50:20,407 INFO     ___FILE_ONLY___ 

Updates are available for some Google Cloud CLI components.  To install them,
please run:
  $ gcloud components update


2023-09-09 16:50:20,416 INFO     ___FILE_ONLY___ 

To take a quick anonymous survey, run:
  $ gcloud survey


